<?xml version="1.0" encoding="UTF-8"?>
<!-- Generated by org.testng.reporters.JUnitReportReporter -->
<testsuite hostname="Archana-Laptop" failures="0" tests="1" name="Testcases.validgetsingleuser" time="0.515" errors="0" timestamp="2022-09-19T16:13:43 IST" skipped="0">
  <testcase classname="Testcases.validgetsingleuser" name="f" time="0.515"/>
  <system-out/>
</testsuite> <!-- Testcases.validgetsingleuser -->
