<?xml version="1.0" encoding="UTF-8"?>
<!-- Generated by org.testng.reporters.JUnitReportReporter -->
<testsuite hostname="Archana-Laptop" failures="0" tests="1" name="Testcases.invalidSingleUser" time="1.766" errors="0" timestamp="2022-09-19T16:13:43 IST" skipped="0">
  <testcase classname="Testcases.invalidSingleUser" name="f" time="1.766"/>
  <system-out/>
</testsuite> <!-- Testcases.invalidSingleUser -->
