<?xml version="1.0" encoding="UTF-8"?>
<!-- Generated by org.testng.reporters.JUnitReportReporter -->
<testsuite hostname="Archana-Laptop" failures="0" tests="1" name="Testcases.invalidpostLoginTest" time="3.310" errors="0" timestamp="2022-09-19T16:13:43 IST" skipped="0">
  <testcase classname="Testcases.invalidpostLoginTest" name="f" time="3.310"/>
  <system-out/>
</testsuite> <!-- Testcases.invalidpostLoginTest -->
