<?xml version="1.0" encoding="UTF-8"?>
<!-- Generated by org.testng.reporters.JUnitReportReporter -->
<testsuite hostname="Archana-Laptop" failures="0" tests="1" name="Testcases.validgetDelayedResponse" time="4.464" errors="0" timestamp="2022-09-19T16:13:43 IST" skipped="0">
  <testcase classname="Testcases.validgetDelayedResponse" name="f" time="4.464"/>
  <system-out/>
</testsuite> <!-- Testcases.validgetDelayedResponse -->
