<?xml version="1.0" encoding="UTF-8"?>
<!-- Generated by org.testng.reporters.JUnitReportReporter -->
<testsuite hostname="Archana-Laptop" failures="0" tests="1" name="Testcases.invalidPut" time="2.196" errors="0" timestamp="2022-09-19T14:52:35 IST" skipped="0">
  <testcase classname="Testcases.invalidPut" name="f" time="2.196"/>
  <system-out/>
</testsuite> <!-- Testcases.invalidPut -->
