<?xml version="1.0" encoding="UTF-8"?>
<!-- Generated by org.testng.reporters.JUnitReportReporter -->
<testsuite hostname="Archana-Laptop" failures="0" tests="1" name="Testcases.invalidpostLogin" time="2.044" errors="0" timestamp="2022-09-16T15:02:06 IST" skipped="0">
  <testcase classname="Testcases.invalidpostLogin" name="f" time="2.044"/>
  <system-out/>
</testsuite> <!-- Testcases.invalidpostLogin -->
