<?xml version="1.0" encoding="UTF-8"?>
<!-- Generated by org.testng.reporters.JUnitReportReporter -->
<testsuite hostname="Archana-Laptop" failures="0" tests="1" name="Testcases.validget" time="1.694" errors="0" timestamp="2022-09-19T16:13:43 IST" skipped="0">
  <testcase classname="Testcases.validget" name="f" time="1.694"/>
  <system-out/>
</testsuite> <!-- Testcases.validget -->
