<?xml version="1.0" encoding="UTF-8"?>
<!-- Generated by org.testng.reporters.JUnitReportReporter -->
<testsuite hostname="Archana-Laptop" failures="0" tests="1" name="Testcases.invalidDelete" time="2.266" errors="0" timestamp="2022-09-19T14:47:26 IST" skipped="0">
  <testcase classname="Testcases.invalidDelete" name="f" time="2.266"/>
  <system-out/>
</testsuite> <!-- Testcases.invalidDelete -->
